Creating new job: b2.babi_memnn_8_amls_XGB_QR.pg
The files belonging to this database system will be owned by user "msalim".
This user must also own the server process.

The database cluster will be initialized with locale "C".
The default database encoding has accordingly been set to "SQL_ASCII".
The default text search configuration will be set to "english".

Data page checksums are disabled.

Reset done
Starting Balsam DB server daemon (PID: 53017)
Deleted.
Deleted.
Application:
------------
PK:             2
Name:           search
Description:    run AMLS: XGB + QR
Executable:     /lus/theta-fs0/projects/datascience/msalim/deephyper/deephyper-env/bin/python /home/msalim/workflows/deephyper/search/amls.py 
Preprocess:     
Postprocess:    
Envs:

Added app to database
Balsam Job
----------
ID:                     8afee01a-9dc6-4326-bdfc-ea0f03116ab9
name:                   b2.babi_memnn_8_amls_XGB_QR.pg 
workflow:               b2.babi_memnn_8_amls_XGB_QR.pg
latest state:           [04-16-2018 16:27:28.623573 CREATED]
description:            
work site:               
allowed work sites:     theta
working_directory:      
parents:                []
input_files:            *
stage_in_url:           
stage_out_url:          
stage_out_files:        
wall_time_minutes:      30
actual_runtime:         00 min : 00.00 sec
num_nodes:              1
threads per rank:       64
threads per core:       1
ranks_per_node:         1
scheduler_id:           
application:            search
args:                   --max-evals 100000000 --benchmark b2.babi_memnn --num-workers 6 --learner XGB --stage_in_destination=/local/scratch
envs:                   
created with qsub:      False
preprocess override:    
postprocess override:   
post handles error:     False
post handles timeout:   False
auto timeout retry:     True

job state changed to:  PREPROCESSED

Starting balsam DB server daemon for DB at /projects/datascience/msalim/deephyper/database/b2.babi_memnn_8_amls_XGB_QR.pg
BALSAM_DB_PATH=/projects/datascience/msalim/deephyper/database/b2.babi_memnn_8_amls_XGB_QR.pg pg_ctl -D /projects/datascience/msalim/deephyper/database/b2.babi_memnn_8_amls_XGB_QR.pg/balsamdb -w start
Balsam server shutdown...
waiting for server to shut down.....pg_ctl -D /projects/datascience/msalim/deephyper/database/b2.babi_memnn_8_amls_XGB_QR.pg/balsamdb -w stop
.......................................................... failed
Application 4338930 resources: utime ~129258s, stime ~6265s, Rss ~309832, inblocks ~28740, outblocks ~276216
